<?xml version="1.0" encoding="UTF-8"?>
<testsuite xmlns:xsi="http://www.w3.org/2001/XMLSchema-instance" xsi:noNamespaceSchemaLocation="https://maven.apache.org/surefire/maven-surefire-plugin/xsd/surefire-test-report-3.0.xsd" version="3.0" name="com.example.cloud_file_management_system.CloudFileManagementSystemApplicationTests" time="4.513" tests="1" errors="0" skipped="0" failures="0">
  <properties>
[...]
</properties>
  <testcase name="contextLoads" classname="com.example.cloud_file_management_system.CloudFileManagementSystemApplicationTests" time="0.924">
    <system-out><![CDATA[Standard Commons Logging discovery in action with spring-jcl: please remove commons-logging.jar from classpath in order to avoid potential conflicts
12:14:46.994 [main] INFO org.springframework.test.context.support.AnnotationConfigContextLoaderUtils -- Could not detect default configuration classes for test class [com.example.cloud_file_management_system.CloudFileManagementSystemApplicationTests]: CloudFileManagementSystemApplicationTests does not declare any static, non-private, non-final, nested classes annotated with @Configuration.
12:14:47.126 [main] INFO org.springframework.boot.test.context.SpringBootTestContextBootstrapper -- Found @SpringBootConfiguration com.example.cloud_file_management_system.CloudFileManagementSystemApplication for test class com.example.cloud_file_management_system.CloudFileManagementSystemApplicationTests
12:14:47.346 [main] INFO org.springframework.boot.devtools.restart.RestartApplicationListener -- Restart disabled due to context in which it is running

  .   ____          _            __ _ _
 /\\ / ___'_ __ _ _(_)_ __  __ _ \ \ \ \
( ( )\___ | '_ | '_| | '_ \/ _` | \ \ \ \
 \\/  ___)| |_)| | | | | || (_| |  ) ) ) )
  '  |____| .__|_| |_|_| |_\__, | / / / /
 =========|_|==============|___/=/_/_/_/
 :: Spring Boot ::                (v3.2.0)

2024-11-21T12:14:47.702+05:30  INFO 20576 --- [cloud-file-management-system] [           main] loudFileManagementSystemApplicationTests : Starting CloudFileManagementSystemApplicationTests using Java 21.0.5 with PID 20576 (started by mmano in C:\Users\mmano\Downloads\cloud-file-management-system\cloud-file-management-system)
2024-11-21T12:14:47.702+05:30  INFO 20576 --- [cloud-file-management-system] [           main] loudFileManagementSystemApplicationTests : No active profile set, falling back to 1 default profile: "default"
2024-11-21T12:14:50.294+05:30  INFO 20576 --- [cloud-file-management-system] [           main] loudFileManagementSystemApplicationTests : Started CloudFileManagementSystemApplicationTests in 2.98 seconds (process running for 4.246)
]]></system-out>
    <system-err><![CDATA[WARNING: A Java agent has been loaded dynamically (C:\Users\mmano\.m2\repository\net\bytebuddy\byte-buddy-agent\1.14.10\byte-buddy-agent-1.14.10.jar)
WARNING: If a serviceability tool is in use, please run with -XX:+EnableDynamicAgentLoading to hide this warning
WARNING: If a serviceability tool is not in use, please run with -Djdk.instrument.traceUsage for more information
WARNING: Dynamic loading of agents will be disallowed by default in a future release
]]></system-err>
  </testcase>
</testsuite>